we are running from this directory: /cluster/home/erlenoi/fall_project/fall-project
 the name of the job is: generate_seg_reps_array
Th job ID is 13142977
The job was run on these nodes: idun-03-60
Number of nodes: 1
We are using 15 cores
Total of 1 cores
we are running from this directory: /cluster/home/erlenoi/fall_project/fall-project
we are running from this directory: /cluster/home/erlenoi/fall_project/fall-project
we are running from this directory: /cluster/home/erlenoi/fall_project/fall-project
 the name of the job is: generate_seg_reps_array
 the name of the job is: generate_seg_reps_array
 the name of the job is: generate_seg_reps_array
Th job ID is 13142994
Th job ID is 13142993
Th job ID is 13142992
The job was run on these nodes: idun-03-53
The job was run on these nodes: idun-03-53
The job was run on these nodes: idun-03-53
Number of nodes: 1
Number of nodes: 1
Number of nodes: 1
We are using 15 cores
We are using 15 cores
We are using 15 cores
Total of 1 cores
Total of 1 cores
Total of 1 cores
we are running from this directory: /cluster/home/erlenoi/fall_project/fall-project
we are running from this directory: /cluster/home/erlenoi/fall_project/fall-project
we are running from this directory: /cluster/home/erlenoi/fall_project/fall-project
 the name of the job is: generate_seg_reps_array
 the name of the job is: generate_seg_reps_array
 the name of the job is: generate_seg_reps_array
Th job ID is 13142998
Th job ID is 13142999
Th job ID is 13143000
The job was run on these nodes: idun-03-55
The job was run on these nodes: idun-03-55
The job was run on these nodes: idun-03-55
Number of nodes: 1
Number of nodes: 1
Number of nodes: 1
We are using 15 cores
We are using 15 cores
We are using 15 cores
Total of 1 cores
Total of 1 cores
Total of 1 cores
we are running from this directory: /cluster/home/erlenoi/fall_project/fall-project
we are running from this directory: /cluster/home/erlenoi/fall_project/fall-project
we are running from this directory: /cluster/home/erlenoi/fall_project/fall-project
 the name of the job is: generate_seg_reps_array
 the name of the job is: generate_seg_reps_array
 the name of the job is: generate_seg_reps_array
Th job ID is 13142995
Th job ID is 13142996
Th job ID is 13142997
The job was run on these nodes: idun-03-54
The job was run on these nodes: idun-03-54
The job was run on these nodes: idun-03-54
Number of nodes: 1
Number of nodes: 1
Number of nodes: 1
We are using 15 cores
we are running from this directory: /cluster/home/erlenoi/fall_project/fall-project
We are using 15 cores
we are running from this directory: /cluster/home/erlenoi/fall_project/fall-project
we are running from this directory: /cluster/home/erlenoi/fall_project/fall-project
We are using 15 cores
we are running from this directory: /cluster/home/erlenoi/fall_project/fall-project
we are running from this directory: /cluster/home/erlenoi/fall_project/fall-project
Total of 1 cores
 the name of the job is: generate_seg_reps_array
 the name of the job is: generate_seg_reps_array
Total of 1 cores
 the name of the job is: generate_seg_reps_array
 the name of the job is: generate_seg_reps_array
Total of 1 cores
 the name of the job is: generate_seg_reps_array
we are running from this directory: /cluster/home/erlenoi/fall_project/fall-project
Th job ID is 13142978
Th job ID is 13142984
we are running from this directory: /cluster/home/erlenoi/fall_project/fall-project
Th job ID is 13142979
Th job ID is 13142985
we are running from this directory: /cluster/home/erlenoi/fall_project/fall-project
The job was run on these nodes: idun-03-61
Th job ID is 13142983
 the name of the job is: generate_seg_reps_array
The job was run on these nodes: idun-03-61
The job was run on these nodes: idun-03-50
 the name of the job is: generate_seg_reps_array
we are running from this directory: /cluster/home/erlenoi/fall_project/fall-project
Number of nodes: 1
we are running from this directory: /cluster/home/erlenoi/fall_project/fall-project
The job was run on these nodes: idun-03-50
 the name of the job is: generate_seg_reps_array
we are running from this directory: /cluster/home/erlenoi/fall_project/fall-project
we are running from this directory: /cluster/home/erlenoi/fall_project/fall-project
Number of nodes: 1
we are running from this directory: /cluster/home/erlenoi/fall_project/fall-project
The job was run on these nodes: idun-03-50
Th job ID is 13142980
we are running from this directory: /cluster/home/erlenoi/fall_project/fall-project
we are running from this directory: /cluster/home/erlenoi/fall_project/fall-project
We are using 15 cores
we are running from this directory: /cluster/home/erlenoi/fall_project/fall-project
Number of nodes: 1
Th job ID is 13142981
 the name of the job is: generate_seg_reps_array
we are running from this directory: /cluster/home/erlenoi/fall_project/fall-project
We are using 15 cores
 the name of the job is: generate_seg_reps_array
Number of nodes: 1
we are running from this directory: /cluster/home/erlenoi/fall_project/fall-project
Th job ID is 13142982
 the name of the job is: generate_seg_reps_array
 the name of the job is: generate_seg_reps_array
Total of 1 cores
 the name of the job is: generate_seg_reps_array
Number of nodes: 1
 the name of the job is: generate_seg_reps_array
The job was run on these nodes: idun-03-49
 the name of the job is: generate_seg_reps_array
 the name of the job is: generate_seg_reps_array
Total of 1 cores
 the name of the job is: generate_seg_reps_array
We are using 15 cores
Th job ID is 13142974
The job was run on these nodes: idun-03-49
Th job ID is 13142990
 the name of the job is: generate_seg_reps_array
Th job ID is 13143002
We are using 15 cores
The job was run on these nodes: idun-03-57
The job was run on these nodes: idun-03-49
Th job ID is 13142989
Th job ID is 13142988
Th job ID is 13143001
We are using 15 cores
Number of nodes: 1
Number of nodes: 1
Th job ID is 13142991
Th job ID is 13142987
Th job ID is 13143003
Total of 1 cores
We are using 15 cores
Number of nodes: 1
The job was run on these nodes: idun-03-52
Th job ID is 13142986
The job was run on these nodes: idun-03-56
Total of 1 cores
Total of 1 cores
Number of nodes: 1
The job was run on these nodes: idun-03-52
The job was run on these nodes: idun-03-51
The job was run on these nodes: idun-03-56
Total of 1 cores
We are using 15 cores
The job was run on these nodes: idun-03-52
The job was run on these nodes: idun-03-51
The job was run on these nodes: idun-03-56
We are using 15 cores
Number of nodes: 1
The job was run on these nodes: idun-03-51
Number of nodes: 1
We are using 15 cores
Number of nodes: 1
Number of nodes: 1
Number of nodes: 1
Total of 1 cores
Number of nodes: 1
Number of nodes: 1
Number of nodes: 1
Total of 1 cores
We are using 15 cores
Number of nodes: 1
We are using 15 cores
Total of 1 cores
We are using 15 cores
We are using 15 cores
We are using 15 cores
We are using 15 cores
We are using 15 cores
We are using 15 cores
Total of 1 cores
We are using 15 cores
Total of 1 cores
Total of 1 cores
Total of 1 cores
Total of 1 cores
Total of 1 cores
Total of 1 cores
Total of 1 cores
Total of 1 cores
user_id    video_id       
U_1000290  V_6280711  801     {'end_point': 394.9, 'start_point': 294.9, 'sp...
                      801     {'end_point': 494.9, 'start_point': 429.9, 'sp...
                      801     {'end_point': 712.5, 'start_point': 577.5, 'sp...
                      801     {'end_point': 777.5, 'start_point': 742.5, 'sp...
U_10007    V_6181152  1815    {'end_point': 34.456, 'start_point': 4.53, 'sp...
Name: seq, dtype: object
Fatal error condition occurred in /opt/vcpkg/buildtrees/aws-c-io/src/9e6648842a-364b708815.clean/source/event_loop.c:72: aws_thread_launch(&cleanup_thread, s_event_loop_destroy_async_thread_fn, el_group, &thread_options) == AWS_OP_SUCCESS
Exiting Application
################################################################################
Stack trace:
################################################################################
/cluster/home/erlenoi/.local/lib/python3.9/site-packages/pyarrow/libarrow.so.900(+0x200af06) [0x14acb67d3f06]
/cluster/home/erlenoi/.local/lib/python3.9/site-packages/pyarrow/libarrow.so.900(+0x20028e5) [0x14acb67cb8e5]
/cluster/home/erlenoi/.local/lib/python3.9/site-packages/pyarrow/libarrow.so.900(+0x1f27e09) [0x14acb66f0e09]
/cluster/home/erlenoi/.local/lib/python3.9/site-packages/pyarrow/libarrow.so.900(+0x200ba3d) [0x14acb67d4a3d]
/cluster/home/erlenoi/.local/lib/python3.9/site-packages/pyarrow/libarrow.so.900(+0x1f25948) [0x14acb66ee948]
/cluster/home/erlenoi/.local/lib/python3.9/site-packages/pyarrow/libarrow.so.900(+0x200ba3d) [0x14acb67d4a3d]
/cluster/home/erlenoi/.local/lib/python3.9/site-packages/pyarrow/libarrow.so.900(+0x1ee0b46) [0x14acb66a9b46]
/cluster/home/erlenoi/.local/lib/python3.9/site-packages/pyarrow/libarrow.so.900(+0x194546a) [0x14acb610e46a]
/lib64/libc.so.6(+0x39b0c) [0x14ad35771b0c]
/lib64/libc.so.6(on_exit+0) [0x14ad35771c40]
/lib64/libc.so.6(__libc_start_main+0xfa) [0x14ad3575b49a]
python(_start+0x2e) [0x4006ce]
user_id    video_id         
U_1004546  V_6320797  730988    {'end_point': 73.25, 'start_point': 36.0, 'spe...
                      730988    {'end_point': 92.25, 'start_point': 80.0, 'spe...
                      730988    {'end_point': 123.25, 'start_point': 98.0, 'sp...
                      730988    {'end_point': 161.25, 'start_point': 136.0, 's...
                      730988    {'end_point': 155.25, 'start_point': 136.0, 's...
Name: seq, dtype: object
Fatal error condition occurred in /opt/vcpkg/buildtrees/aws-c-io/src/9e6648842a-364b708815.clean/source/event_loop.c:72: aws_thread_launch(&cleanup_thread, s_event_loop_destroy_async_thread_fn, el_group, &thread_options) == AWS_OP_SUCCESS
Exiting Application
################################################################################
Stack trace:
################################################################################
/cluster/home/erlenoi/.local/lib/python3.9/site-packages/pyarrow/libarrow.so.900(+0x200af06) [0x148ce4bbcf06]
/cluster/home/erlenoi/.local/lib/python3.9/site-packages/pyarrow/libarrow.so.900(+0x20028e5) [0x148ce4bb48e5]
/cluster/home/erlenoi/.local/lib/python3.9/site-packages/pyarrow/libarrow.so.900(+0x1f27e09) [0x148ce4ad9e09]
/cluster/home/erlenoi/.local/lib/python3.9/site-packages/pyarrow/libarrow.so.900(+0x200ba3d) [0x148ce4bbda3d]
/cluster/home/erlenoi/.local/lib/python3.9/site-packages/pyarrow/libarrow.so.900(+0x1f25948) [0x148ce4ad7948]
/cluster/home/erlenoi/.local/lib/python3.9/site-packages/pyarrow/libarrow.so.900(+0x200ba3d) [0x148ce4bbda3d]
/cluster/home/erlenoi/.local/lib/python3.9/site-packages/pyarrow/libarrow.so.900(+0x1ee0b46) [0x148ce4a92b46]
/cluster/home/erlenoi/.local/lib/python3.9/site-packages/pyarrow/libarrow.so.900(+0x194546a) [0x148ce44f746a]
/lib64/libc.so.6(+0x39b0c) [0x148d63b53b0c]
/lib64/libc.so.6(on_exit+0) [0x148d63b53c40]
/lib64/libc.so.6(__libc_start_main+0xfa) [0x148d63b3d49a]
python(_start+0x2e) [0x4006ce]
/var/slurm_spool/job13142975/slurm_script: line 28: 174752 Aborted                 (core dumped) python segment_repetition_count_array.py $SLURM_ARRAY_TASK_ID
/var/slurm_spool/job13143000/slurm_script: line 28: 60953 Aborted                 (core dumped) python segment_repetition_count_array.py $SLURM_ARRAY_TASK_ID
user_id     video_id         
U_1009014   V_7078724  607002    {'end_point': 9.147, 'start_point': 4.147, 'sp...
U_10127500  V_1395687  598119    {'end_point': 88.6, 'start_point': 5.0, 'speed...
                       598119    {'end_point': 375.1, 'start_point': 264.1, 'sp...
U_10138725  V_1395672  591605    {'end_point': 726.7, 'start_point': 696.5, 'sp...
U_1014003   V_1395649  599026    {'end_point': 49.916, 'start_point': 44.916, '...
Name: seq, dtype: object
Fatal error condition occurred in /opt/vcpkg/buildtrees/aws-c-io/src/9e6648842a-364b708815.clean/source/event_loop.c:72: aws_thread_launch(&cleanup_thread, s_event_loop_destroy_async_thread_fn, el_group, &thread_options) == AWS_OP_SUCCESS
Exiting Application
################################################################################
Stack trace:
################################################################################
/cluster/home/erlenoi/.local/lib/python3.9/site-packages/pyarrow/libarrow.so.900(+0x200af06) [0x1470072c4f06]
/cluster/home/erlenoi/.local/lib/python3.9/site-packages/pyarrow/libarrow.so.900(+0x20028e5) [0x1470072bc8e5]
/cluster/home/erlenoi/.local/lib/python3.9/site-packages/pyarrow/libarrow.so.900(+0x1f27e09) [0x1470071e1e09]
/cluster/home/erlenoi/.local/lib/python3.9/site-packages/pyarrow/libarrow.so.900(+0x200ba3d) [0x1470072c5a3d]
/cluster/home/erlenoi/.local/lib/python3.9/site-packages/pyarrow/libarrow.so.900(+0x1f25948) [0x1470071df948]
/cluster/home/erlenoi/.local/lib/python3.9/site-packages/pyarrow/libarrow.so.900(+0x200ba3d) [0x1470072c5a3d]
/cluster/home/erlenoi/.local/lib/python3.9/site-packages/pyarrow/libarrow.so.900(+0x1ee0b46) [0x14700719ab46]
/cluster/home/erlenoi/.local/lib/python3.9/site-packages/pyarrow/libarrow.so.900(+0x194546a) [0x147006bff46a]
/lib64/libc.so.6(+0x39b0c) [0x14708625bb0c]
/lib64/libc.so.6(on_exit+0) [0x14708625bc40]
/lib64/libc.so.6(__libc_start_main+0xfa) [0x14708624549a]
python(_start+0x2e) [0x4006ce]
user_id     video_id        
U_10062247  V_1358667  11628    {'end_point': 319.9, 'start_point': 294.8, 'sp...
U_1009248   V_6293250  10581    {'end_point': 258.0, 'start_point': 186.0, 'sp...
U_10100589  V_1358540  8567     {'end_point': 23.0, 'start_point': 3.0, 'speed...
U_10138725  V_1358540  8569     {'end_point': 19.9, 'start_point': 4.9, 'speed...
U_10150770  V_6385524  11867    {'end_point': 35.0, 'start_point': 5.0, 'speed...
Name: seq, dtype: object
Fatal error condition occurred in /opt/vcpkg/buildtrees/aws-c-io/src/9e6648842a-364b708815.clean/source/event_loop.c:72: aws_thread_launch(&cleanup_thread, s_event_loop_destroy_async_thread_fn, el_group, &thread_options) == AWS_OP_SUCCESS
Exiting Application
################################################################################
Stack trace:
################################################################################
/cluster/home/erlenoi/.local/lib/python3.9/site-packages/pyarrow/libarrow.so.900(+0x200af06) [0x15373c146f06]
/cluster/home/erlenoi/.local/lib/python3.9/site-packages/pyarrow/libarrow.so.900(+0x20028e5) [0x15373c13e8e5]
/cluster/home/erlenoi/.local/lib/python3.9/site-packages/pyarrow/libarrow.so.900(+0x1f27e09) [0x15373c063e09]
/cluster/home/erlenoi/.local/lib/python3.9/site-packages/pyarrow/libarrow.so.900(+0x200ba3d) [0x15373c147a3d]
/cluster/home/erlenoi/.local/lib/python3.9/site-packages/pyarrow/libarrow.so.900(+0x1f25948) [0x15373c061948]
/cluster/home/erlenoi/.local/lib/python3.9/site-packages/pyarrow/libarrow.so.900(+0x200ba3d) [0x15373c147a3d]
/cluster/home/erlenoi/.local/lib/python3.9/site-packages/pyarrow/libarrow.so.900(+0x1ee0b46) [0x15373c01cb46]
/cluster/home/erlenoi/.local/lib/python3.9/site-packages/pyarrow/libarrow.so.900(+0x194546a) [0x15373ba8146a]
/lib64/libc.so.6(+0x39b0c) [0x1537bb0ddb0c]
/lib64/libc.so.6(on_exit+0) [0x1537bb0ddc40]
/lib64/libc.so.6(__libc_start_main+0xfa) [0x1537bb0c749a]
python(_start+0x2e) [0x4006ce]
user_id     video_id        
U_1000342   V_1358562  55836    {'end_point': 590.0, 'start_point': 585.0, 'sp...
U_10062247  V_1358740  47794    {'end_point': 398.85, 'start_point': 169.5, 's...
                       47794    {'end_point': 491.05, 'start_point': 278.8, 's...
                       47794    {'end_point': 545.8, 'start_point': 487.4, 'sp...
U_1006254   V_6293491  49330    {'end_point': 556.9749755859375, 'start_point'...
Name: seq, dtype: object
Fatal error condition occurred in /opt/vcpkg/buildtrees/aws-c-io/src/9e6648842a-364b708815.clean/source/event_loop.c:72: aws_thread_launch(&cleanup_thread, s_event_loop_destroy_async_thread_fn, el_group, &thread_options) == AWS_OP_SUCCESS
Exiting Application
################################################################################
Stack trace:
################################################################################
/cluster/home/erlenoi/.local/lib/python3.9/site-packages/pyarrow/libarrow.so.900(+0x200af06) [0x14a07549ff06]
/cluster/home/erlenoi/.local/lib/python3.9/site-packages/pyarrow/libarrow.so.900(+0x20028e5) [0x14a0754978e5]
/cluster/home/erlenoi/.local/lib/python3.9/site-packages/pyarrow/libarrow.so.900(+0x1f27e09) [0x14a0753bce09]
/cluster/home/erlenoi/.local/lib/python3.9/site-packages/pyarrow/libarrow.so.900(+0x200ba3d) [0x14a0754a0a3d]
/cluster/home/erlenoi/.local/lib/python3.9/site-packages/pyarrow/libarrow.so.900(+0x1f25948) [0x14a0753ba948]
/cluster/home/erlenoi/.local/lib/python3.9/site-packages/pyarrow/libarrow.so.900(+0x200ba3d) [0x14a0754a0a3d]
/cluster/home/erlenoi/.local/lib/python3.9/site-packages/pyarrow/libarrow.so.900(+0x1ee0b46) [0x14a075375b46]
/cluster/home/erlenoi/.local/lib/python3.9/site-packages/pyarrow/libarrow.so.900(+0x194546a) [0x14a074dda46a]
/lib64/libc.so.6(+0x39b0c) [0x14a0f4436b0c]
/lib64/libc.so.6(on_exit+0) [0x14a0f4436c40]
/lib64/libc.so.6(__libc_start_main+0xfa) [0x14a0f442049a]
python(_start+0x2e) [0x4006ce]
/var/slurm_spool/job13142996/slurm_script: line 28: 60642 Aborted                 (core dumped) python segment_repetition_count_array.py $SLURM_ARRAY_TASK_ID
user_id    video_id         
U_1006875  V_1358710  269404    {'end_point': 309.0, 'start_point': 263.6, 'sp...
U_1008048  V_1395653  274052    {'end_point': 19.0, 'start_point': 14.0, 'spee...
                      274052    {'end_point': 54.0, 'start_point': 49.0, 'spee...
                      274052    {'end_point': 84.0, 'start_point': 79.0, 'spee...
                      274052    {'end_point': 218.0, 'start_point': 213.0, 'sp...
Name: seq, dtype: object
/var/slurm_spool/job13142976/slurm_script: line 28: 174750 Aborted                 (core dumped) python segment_repetition_count_array.py $SLURM_ARRAY_TASK_ID
user_id     video_id         
U_10031887  V_1395646  500584    {'end_point': 84.0, 'start_point': 4.0, 'speed...
U_1006875   V_1358566  485536    {'end_point': 229.0, 'start_point': 184.0, 'sp...
            V_1358701  484876    {'end_point': 101.2, 'start_point': 56.2, 'spe...
U_10091095  V_6999021  502651    {'end_point': 34.5, 'start_point': 4.0, 'speed...
                       502651    {'end_point': 64.5, 'start_point': 42.0, 'spee...
Name: seq, dtype: object
Fatal error condition occurred in /opt/vcpkg/buildtrees/aws-c-io/src/9e6648842a-364b708815.clean/source/event_loop.c:72: aws_thread_launch(&cleanup_thread, s_event_loop_destroy_async_thread_fn, el_group, &thread_options) == AWS_OP_SUCCESS
Exiting Application
################################################################################
Stack trace:
################################################################################
/cluster/home/erlenoi/.local/lib/python3.9/site-packages/pyarrow/libarrow.so.900(+0x200af06) [0x145aa3d23f06]
/cluster/home/erlenoi/.local/lib/python3.9/site-packages/pyarrow/libarrow.so.900(+0x20028e5) [0x145aa3d1b8e5]
/cluster/home/erlenoi/.local/lib/python3.9/site-packages/pyarrow/libarrow.so.900(+0x1f27e09) [0x145aa3c40e09]
/cluster/home/erlenoi/.local/lib/python3.9/site-packages/pyarrow/libarrow.so.900(+0x200ba3d) [0x145aa3d24a3d]
/cluster/home/erlenoi/.local/lib/python3.9/site-packages/pyarrow/libarrow.so.900(+0x1f25948) [0x145aa3c3e948]
/cluster/home/erlenoi/.local/lib/python3.9/site-packages/pyarrow/libarrow.so.900(+0x200ba3d) [0x145aa3d24a3d]
/cluster/home/erlenoi/.local/lib/python3.9/site-packages/pyarrow/libarrow.so.900(+0x1ee0b46) [0x145aa3bf9b46]
/cluster/home/erlenoi/.local/lib/python3.9/site-packages/pyarrow/libarrow.so.900(+0x194546a) [0x145aa365e46a]
/lib64/libc.so.6(+0x39b0c) [0x145b22cbab0c]
/lib64/libc.so.6(on_exit+0) [0x145b22cbac40]
/lib64/libc.so.6(__libc_start_main+0xfa) [0x145b22ca449a]
python(_start+0x2e) [0x4006ce]
user_id     video_id        
U_100294    V_6286570  36955    {'end_point': 28.4, 'start_point': 18.4, 'spee...
                       36955    {'end_point': 138.7, 'start_point': 49.0, 'spe...
U_10036806  V_6256496  43398    {'end_point': 466.7, 'start_point': 256.7, 'sp...
                       43398    {'end_point': 578.4, 'start_point': 533.4, 'sp...
U_1004546   V_6320776  45424    {'end_point': 43.25, 'start_point': 12.0, 'spe...
Name: seq, dtype: object
/var/slurm_spool/job13142981/slurm_script: line 28: 151680 Aborted                 (core dumped) python segment_repetition_count_array.py $SLURM_ARRAY_TASK_ID
user_id     video_id        
U_10073361  V_6318229  71170    {'end_point': 344.6080017089844, 'start_point'...
U_10074383  V_6256460  69873    {'end_point': 348.5, 'start_point': 4.0, 'spee...
                       69873    {'end_point': 649.5, 'start_point': 354.0, 'sp...
                       69873    {'end_point': 713.5, 'start_point': 653.0, 'sp...
                       69873    {'end_point': 740.0, 'start_point': 721.0, 'sp...
Name: seq, dtype: object
user_id     video_id         
U_10031887  V_1395639  564171    {'end_point': 124.0, 'start_point': 4.0, 'spee...
                       564171    {'end_point': 209.0, 'start_point': 134.0, 'sp...
                       564171    {'end_point': 239.0, 'start_point': 229.0, 'sp...
U_10062247  V_1358578  584174    {'end_point': 216.3, 'start_point': 178.7, 'sp...
                       584174    {'end_point': 442.8, 'start_point': 398.8, 'sp...
Name: seq, dtype: object
user_id     video_id         
U_1002784   V_4411676  207335    {'end_point': 385.1, 'start_point': 34.9, 'spe...
U_1002995   V_6189109  201452    {'end_point': 127.1, 'start_point': 7.1, 'spee...
                       201452    {'end_point': 457.1, 'start_point': 187.1, 'sp...
                       201452    {'end_point': 1085.3, 'start_point': 527.1, 's...
U_10074383  V_6257046  229412    {'end_point': 67.25, 'start_point': 61.0, 'spe...
Name: seq, dtype: object
/var/slurm_spool/job13142993/slurm_script: line 28: 65021 Aborted                 (core dumped) python segment_repetition_count_array.py $SLURM_ARRAY_TASK_ID
Fatal error condition occurred in /opt/vcpkg/buildtrees/aws-c-io/src/9e6648842a-364b708815.clean/source/event_loop.c:72: aws_thread_launch(&cleanup_thread, s_event_loop_destroy_async_thread_fn, el_group, &thread_options) == AWS_OP_SUCCESS
Exiting Application
################################################################################
Stack trace:
################################################################################
/cluster/home/erlenoi/.local/lib/python3.9/site-packages/pyarrow/libarrow.so.900(+0x200af06) [0x14a0a9e94f06]
/cluster/home/erlenoi/.local/lib/python3.9/site-packages/pyarrow/libarrow.so.900(+0x20028e5) [0x14a0a9e8c8e5]
/cluster/home/erlenoi/.local/lib/python3.9/site-packages/pyarrow/libarrow.so.900(+0x1f27e09) [0x14a0a9db1e09]
/cluster/home/erlenoi/.local/lib/python3.9/site-packages/pyarrow/libarrow.so.900(+0x200ba3d) [0x14a0a9e95a3d]
/cluster/home/erlenoi/.local/lib/python3.9/site-packages/pyarrow/libarrow.so.900(+0x1f25948) [0x14a0a9daf948]
/cluster/home/erlenoi/.local/lib/python3.9/site-packages/pyarrow/libarrow.so.900(+0x200ba3d) [0x14a0a9e95a3d]
/cluster/home/erlenoi/.local/lib/python3.9/site-packages/pyarrow/libarrow.so.900(+0x1ee0b46) [0x14a0a9d6ab46]
/cluster/home/erlenoi/.local/lib/python3.9/site-packages/pyarrow/libarrow.so.900(+0x194546a) [0x14a0a97cf46a]
/lib64/libc.so.6(+0x39b0c) [0x14a128e2bb0c]
/lib64/libc.so.6(on_exit+0) [0x14a128e2bc40]
/lib64/libc.so.6(__libc_start_main+0xfa) [0x14a128e1549a]
python(_start+0x2e) [0x4006ce]
user_id     video_id        
U_10060061  V_1395695  28635    {'end_point': 34.501000000000005, 'start_point...
                       28635    {'end_point': 119.501, 'start_point': 114.501,...
                       28635    {'end_point': 174.501, 'start_point': 169.501,...
U_1011681   V_1395670  32179    {'end_point': 24.805, 'start_point': 19.805, '...
                       32179    {'end_point': 134.918, 'start_point': 129.918,...
Name: seq, dtype: object
Fatal error condition occurred in /opt/vcpkg/buildtrees/aws-c-io/src/9e6648842a-364b708815.clean/source/event_loop.c:72: aws_thread_launch(&cleanup_thread, s_event_loop_destroy_async_thread_fn, el_group, &thread_options) == AWS_OP_SUCCESS
Exiting Application
################################################################################
Stack trace:
################################################################################
/cluster/home/erlenoi/.local/lib/python3.9/site-packages/pyarrow/libarrow.so.900(+0x200af06) [0x151fc56daf06]
/cluster/home/erlenoi/.local/lib/python3.9/site-packages/pyarrow/libarrow.so.900(+0x20028e5) [0x151fc56d28e5]
/cluster/home/erlenoi/.local/lib/python3.9/site-packages/pyarrow/libarrow.so.900(+0x1f27e09) [0x151fc55f7e09]
/cluster/home/erlenoi/.local/lib/python3.9/site-packages/pyarrow/libarrow.so.900(+0x200ba3d) [0x151fc56dba3d]
/cluster/home/erlenoi/.local/lib/python3.9/site-packages/pyarrow/libarrow.so.900(+0x1f25948) [0x151fc55f5948]
/cluster/home/erlenoi/.local/lib/python3.9/site-packages/pyarrow/libarrow.so.900(+0x200ba3d) [0x151fc56dba3d]
/cluster/home/erlenoi/.local/lib/python3.9/site-packages/pyarrow/libarrow.so.900(+0x1ee0b46) [0x151fc55b0b46]
/cluster/home/erlenoi/.local/lib/python3.9/site-packages/pyarrow/libarrow.so.900(+0x194546a) [0x151fc501546a]
/lib64/libc.so.6(+0x39b0c) [0x152044671b0c]
/lib64/libc.so.6(on_exit+0) [0x152044671c40]
/lib64/libc.so.6(__libc_start_main+0xfa) [0x15204465b49a]
python(_start+0x2e) [0x4006ce]
user_id     video_id         
U_27810807  V_7180712  947496    {'end_point': 116.0, 'start_point': 6.0, 'spee...
                       947496    {'end_point': 186.0, 'start_point': 126.0, 'sp...
                       947496    {'end_point': 406.0, 'start_point': 197.0, 'sp...
                       947496    {'end_point': 426.0, 'start_point': 416.0, 'sp...
                       947496    {'end_point': 646.0, 'start_point': 436.0, 'sp...
Name: seq, dtype: object
user_id    video_id         
U_1001314  V_6340765  423743    {'end_point': 133.3, 'start_point': 113.1, 'sp...
U_100203   V_6223489  419182    {'end_point': 118.5, 'start_point': 6.0, 'spee...
                      419182    {'end_point': 155.5, 'start_point': 126.0, 'sp...
U_100281   V_731719   420367    {'end_point': 324.0, 'start_point': 309.0, 'sp...
                      420367    {'end_point': 474.0, 'start_point': 3.0, 'spee...
Name: seq, dtype: object
Fatal error condition occurred in /opt/vcpkg/buildtrees/aws-c-io/src/9e6648842a-364b708815.clean/source/event_loop.c:72: aws_thread_launch(&cleanup_thread, s_event_loop_destroy_async_thread_fn, el_group, &thread_options) == AWS_OP_SUCCESS
Exiting Application
################################################################################
Stack trace:
################################################################################
/cluster/home/erlenoi/.local/lib/python3.9/site-packages/pyarrow/libarrow.so.900(+0x200af06) [0x14df1d7fff06]
/cluster/home/erlenoi/.local/lib/python3.9/site-packages/pyarrow/libarrow.so.900(+0x20028e5) [0x14df1d7f78e5]
/cluster/home/erlenoi/.local/lib/python3.9/site-packages/pyarrow/libarrow.so.900(+0x1f27e09) [0x14df1d71ce09]
/cluster/home/erlenoi/.local/lib/python3.9/site-packages/pyarrow/libarrow.so.900(+0x200ba3d) [0x14df1d800a3d]
/cluster/home/erlenoi/.local/lib/python3.9/site-packages/pyarrow/libarrow.so.900(+0x1f25948) [0x14df1d71a948]
/cluster/home/erlenoi/.local/lib/python3.9/site-packages/pyarrow/libarrow.so.900(+0x200ba3d) [0x14df1d800a3d]
/cluster/home/erlenoi/.local/lib/python3.9/site-packages/pyarrow/libarrow.so.900(+0x1ee0b46) [0x14df1d6d5b46]
/cluster/home/erlenoi/.local/lib/python3.9/site-packages/pyarrow/libarrow.so.900(+0x194546a) [0x14df1d13a46a]
/lib64/libc.so.6(+0x39b0c) [0x14df9c796b0c]
/lib64/libc.so.6(on_exit+0) [0x14df9c796c40]
/lib64/libc.so.6(__libc_start_main+0xfa) [0x14df9c78049a]
python(_start+0x2e) [0x4006ce]
/var/slurm_spool/job13142988/slurm_script: line 28: 171851 Aborted                 (core dumped) python segment_repetition_count_array.py $SLURM_ARRAY_TASK_ID
user_id     video_id        
U_1002737   V_6249682  17012    {'end_point': 81.4, 'start_point': 8.4, 'speed...
                       17012    {'end_point': 445.3, 'start_point': 116.4, 'sp...
U_10031887  V_1395661  19380    {'end_point': 119.0, 'start_point': 114.0, 'sp...
                       19380    {'end_point': 139.0, 'start_point': 134.0, 'sp...
                       19380    {'end_point': 234.0, 'start_point': 229.0, 'sp...
Name: seq, dtype: object
Fatal error condition occurred in /opt/vcpkg/buildtrees/aws-c-io/src/9e6648842a-364b708815.clean/source/event_loop.c:72: aws_thread_launch(&cleanup_thread, s_event_loop_destroy_async_thread_fn, el_group, &thread_options) == AWS_OP_SUCCESS
Exiting Application
################################################################################
Stack trace:
################################################################################
/cluster/home/erlenoi/.local/lib/python3.9/site-packages/pyarrow/libarrow.so.900(+0x200af06) [0x14efcda70f06]
/cluster/home/erlenoi/.local/lib/python3.9/site-packages/pyarrow/libarrow.so.900(+0x20028e5) [0x14efcda688e5]
/cluster/home/erlenoi/.local/lib/python3.9/site-packages/pyarrow/libarrow.so.900(+0x1f27e09) [0x14efcd98de09]
/cluster/home/erlenoi/.local/lib/python3.9/site-packages/pyarrow/libarrow.so.900(+0x200ba3d) [0x14efcda71a3d]
/cluster/home/erlenoi/.local/lib/python3.9/site-packages/pyarrow/libarrow.so.900(+0x1f25948) [0x14efcd98b948]
/cluster/home/erlenoi/.local/lib/python3.9/site-packages/pyarrow/libarrow.so.900(+0x200ba3d) [0x14efcda71a3d]
/cluster/home/erlenoi/.local/lib/python3.9/site-packages/pyarrow/libarrow.so.900(+0x1ee0b46) [0x14efcd946b46]
/cluster/home/erlenoi/.local/lib/python3.9/site-packages/pyarrow/libarrow.so.900(+0x194546a) [0x14efcd3ab46a]
/lib64/libc.so.6(+0x39b0c) [0x14f04ca07b0c]
/lib64/libc.so.6(on_exit+0) [0x14f04ca07c40]
/lib64/libc.so.6(__libc_start_main+0xfa) [0x14f04c9f149a]
python(_start+0x2e) [0x4006ce]
user_id     video_id         
U_10026106  V_7386533  473960    {'end_point': 4447.4, 'start_point': 3546.8, '...
                       473960    {'end_point': 4867.4, 'start_point': 4507.2, '...
                       473960    {'end_point': 5107.2, 'start_point': 4927.6, '...
U_10027767  V_7744241  470626    {'end_point': 1113.0, 'start_point': 357.0, 's...
U_10027865  V_7386533  473963    {'end_point': 7.7, 'start_point': 2.7, 'speed'...
Name: seq, dtype: object
/var/slurm_spool/job13142979/slurm_script: line 28: 197121 Aborted                 (core dumped) python segment_repetition_count_array.py $SLURM_ARRAY_TASK_ID
user_id     video_id        
U_100203    V_6328750  95628    {'end_point': 12.5, 'start_point': 5.0, 'speed...
                       95628    {'end_point': 166.5, 'start_point': 121.0, 'sp...
                       95628    {'end_point': 198.0, 'start_point': 174.0, 'sp...
U_10026106  V_7386531  91145    {'end_point': 2521.8, 'start_point': 2161.6, '...
                       91145    {'end_point': 2641.7, 'start_point': 2582.1, '...
Name: seq, dtype: object
Fatal error condition occurred in /opt/vcpkg/buildtrees/aws-c-io/src/9e6648842a-364b708815.clean/source/event_loop.c:72: aws_thread_launch(&cleanup_thread, s_event_loop_destroy_async_thread_fn, el_group, &thread_options) == AWS_OP_SUCCESS
Exiting Application
################################################################################
Stack trace:
################################################################################
/cluster/home/erlenoi/.local/lib/python3.9/site-packages/pyarrow/libarrow.so.900(+0x200af06) [0x154cd657df06]
/cluster/home/erlenoi/.local/lib/python3.9/site-packages/pyarrow/libarrow.so.900(+0x20028e5) [0x154cd65758e5]
/cluster/home/erlenoi/.local/lib/python3.9/site-packages/pyarrow/libarrow.so.900(+0x1f27e09) [0x154cd649ae09]
/cluster/home/erlenoi/.local/lib/python3.9/site-packages/pyarrow/libarrow.so.900(+0x200ba3d) [0x154cd657ea3d]
/cluster/home/erlenoi/.local/lib/python3.9/site-packages/pyarrow/libarrow.so.900(+0x1f25948) [0x154cd6498948]
/cluster/home/erlenoi/.local/lib/python3.9/site-packages/pyarrow/libarrow.so.900(+0x200ba3d) [0x154cd657ea3d]
/cluster/home/erlenoi/.local/lib/python3.9/site-packages/pyarrow/libarrow.so.900(+0x1ee0b46) [0x154cd6453b46]
/cluster/home/erlenoi/.local/lib/python3.9/site-packages/pyarrow/libarrow.so.900(+0x194546a) [0x154cd5eb846a]
/lib64/libc.so.6(+0x39b0c) [0x154d5551bb0c]
/lib64/libc.so.6(on_exit+0) [0x154d5551bc40]
/lib64/libc.so.6(__libc_start_main+0xfa) [0x154d5550549a]
python(_start+0x2e) [0x4006ce]
user_id     video_id         
U_1000290   V_6280776  99409     {'end_point': 69.9, 'start_point': 4.9, 'speed...
                       99409     {'end_point': 465.0, 'start_point': 99.9, 'spe...
                       99409     {'end_point': 647.3, 'start_point': 499.9, 'sp...
                       99409     {'end_point': 1042.3, 'start_point': 677.3, 's...
U_10013633  V_7386534  116779    {'end_point': 128.3, 'start_point': 8.3, 'spee...
Name: seq, dtype: object
/var/slurm_spool/job13142991/slurm_script: line 28: 262161 Aborted                 (core dumped) python segment_repetition_count_array.py $SLURM_ARRAY_TASK_ID
Fatal error condition occurred in /opt/vcpkg/buildtrees/aws-c-io/src/9e6648842a-364b708815.clean/source/event_loop.c:72: aws_thread_launch(&cleanup_thread, s_event_loop_destroy_async_thread_fn, el_group, &thread_options) == AWS_OP_SUCCESS
Exiting Application
################################################################################
Stack trace:
################################################################################
/cluster/home/erlenoi/.local/lib/python3.9/site-packages/pyarrow/libarrow.so.900(+0x200af06) [0x14fa19e29f06]
/cluster/home/erlenoi/.local/lib/python3.9/site-packages/pyarrow/libarrow.so.900(+0x20028e5) [0x14fa19e218e5]
/cluster/home/erlenoi/.local/lib/python3.9/site-packages/pyarrow/libarrow.so.900(+0x1f27e09) [0x14fa19d46e09]
/cluster/home/erlenoi/.local/lib/python3.9/site-packages/pyarrow/libarrow.so.900(+0x200ba3d) [0x14fa19e2aa3d]
/cluster/home/erlenoi/.local/lib/python3.9/site-packages/pyarrow/libarrow.so.900(+0x1f25948) [0x14fa19d44948]
/cluster/home/erlenoi/.local/lib/python3.9/site-packages/pyarrow/libarrow.so.900(+0x200ba3d) [0x14fa19e2aa3d]
/cluster/home/erlenoi/.local/lib/python3.9/site-packages/pyarrow/libarrow.so.900(+0x1ee0b46) [0x14fa19cffb46]
/cluster/home/erlenoi/.local/lib/python3.9/site-packages/pyarrow/libarrow.so.900(+0x194546a) [0x14fa1976446a]
/lib64/libc.so.6(+0x39b0c) [0x14fa98dc0b0c]
/lib64/libc.so.6(on_exit+0) [0x14fa98dc0c40]
/lib64/libc.so.6(__libc_start_main+0xfa) [0x14fa98daa49a]
python(_start+0x2e) [0x4006ce]
user_id     video_id         
U_10031887  V_1395644  647998    {'end_point': 83.0, 'start_point': 3.0, 'speed...
U_10062247  V_1358676  670707    {'end_point': 123.95, 'start_point': 86.3, 'sp...
U_1006848   V_1395644  647411    {'end_point': 29.0, 'start_point': 19.0, 'spee...
                       647411    {'end_point': 54.0, 'start_point': 49.0, 'spee...
                       647411    {'end_point': 89.0, 'start_point': 84.0, 'spee...
Name: seq, dtype: object
/var/slurm_spool/job13142977/slurm_script: line 28: 174748 Aborted                 (core dumped) python segment_repetition_count_array.py $SLURM_ARRAY_TASK_ID
/var/slurm_spool/job13142984/slurm_script: line 28: 277085 Aborted                 (core dumped) python segment_repetition_count_array.py $SLURM_ARRAY_TASK_ID
user_id     video_id         
U_10031738  V_1358665  703004    {'end_point': 535.4, 'start_point': 507.6, 'sp...
U_10062247  V_1358549  693500    {'end_point': 278.9, 'start_point': 233.8, 'sp...
                       693500    {'end_point': 424.9, 'start_point': 372.3, 'sp...
                       693500    {'end_point': 522.6, 'start_point': 477.5, 'sp...
U_1006848   V_1395643  705815    {'end_point': 14.0, 'start_point': 9.0, 'speed...
Name: seq, dtype: object
Fatal error condition occurred in /opt/vcpkg/buildtrees/aws-c-io/src/9e6648842a-364b708815.clean/source/event_loop.c:72: aws_thread_launch(&cleanup_thread, s_event_loop_destroy_async_thread_fn, el_group, &thread_options) == AWS_OP_SUCCESS
Exiting Application
################################################################################
Stack trace:
################################################################################
/cluster/home/erlenoi/.local/lib/python3.9/site-packages/pyarrow/libarrow.so.900(+0x200af06) [0x152c08f97f06]
/cluster/home/erlenoi/.local/lib/python3.9/site-packages/pyarrow/libarrow.so.900(+0x20028e5) [0x152c08f8f8e5]
/cluster/home/erlenoi/.local/lib/python3.9/site-packages/pyarrow/libarrow.so.900(+0x1f27e09) [0x152c08eb4e09]
/cluster/home/erlenoi/.local/lib/python3.9/site-packages/pyarrow/libarrow.so.900(+0x200ba3d) [0x152c08f98a3d]
/cluster/home/erlenoi/.local/lib/python3.9/site-packages/pyarrow/libarrow.so.900(+0x1f25948) [0x152c08eb2948]
/cluster/home/erlenoi/.local/lib/python3.9/site-packages/pyarrow/libarrow.so.900(+0x200ba3d) [0x152c08f98a3d]
/cluster/home/erlenoi/.local/lib/python3.9/site-packages/pyarrow/libarrow.so.900(+0x1ee0b46) [0x152c08e6db46]
/cluster/home/erlenoi/.local/lib/python3.9/site-packages/pyarrow/libarrow.so.900(+0x194546a) [0x152c088d246a]
/lib64/libc.so.6(+0x39b0c) [0x152c87f35b0c]
/lib64/libc.so.6(on_exit+0) [0x152c87f35c40]
/lib64/libc.so.6(__libc_start_main+0xfa) [0x152c87f1f49a]
python(_start+0x2e) [0x4006ce]
/var/slurm_spool/job13142985/slurm_script: line 28: 277083 Aborted                 (core dumped) python segment_repetition_count_array.py $SLURM_ARRAY_TASK_ID
user_id     video_id         
U_10008027  V_6059415  142991    {'end_point': 706.9, 'start_point': 4.9, 'spee...
U_10026984  V_6059415  142992    {'end_point': 808.2, 'start_point': 421.3, 'sp...
U_10027765  V_7704153  155534    {'end_point': 1981.0, 'start_point': 1747.1, '...
                       155534    {'end_point': 1981.0, 'start_point': 1964.9, '...
U_1006254   V_6293487  138948    {'end_point': 528.3670043945312, 'start_point'...
Name: seq, dtype: object
user_id   video_id         
U_100203  V_6328742  292742    {'end_point': 12.5, 'start_point': 5.0, 'speed...
                     292742    {'end_point': 42.5, 'start_point': 20.0, 'spee...
                     292742    {'end_point': 110.5, 'start_point': 50.0, 'spe...
                     292742    {'end_point': 162.5, 'start_point': 125.0, 'sp...
                     292742    {'end_point': 123.5, 'start_point': 56.0, 'spe...
Name: seq, dtype: object
Fatal error condition occurred in /opt/vcpkg/buildtrees/aws-c-io/src/9e6648842a-364b708815.clean/source/event_loop.c:72: aws_thread_launch(&cleanup_thread, s_event_loop_destroy_async_thread_fn, el_group, &thread_options) == AWS_OP_SUCCESS
Exiting Application
################################################################################
Stack trace:
################################################################################
/cluster/home/erlenoi/.local/lib/python3.9/site-packages/pyarrow/libarrow.so.900(+0x200af06) [0x150785575f06]
/cluster/home/erlenoi/.local/lib/python3.9/site-packages/pyarrow/libarrow.so.900(+0x20028e5) [0x15078556d8e5]
/cluster/home/erlenoi/.local/lib/python3.9/site-packages/pyarrow/libarrow.so.900(+0x1f27e09) [0x150785492e09]
/cluster/home/erlenoi/.local/lib/python3.9/site-packages/pyarrow/libarrow.so.900(+0x200ba3d) [0x150785576a3d]
/cluster/home/erlenoi/.local/lib/python3.9/site-packages/pyarrow/libarrow.so.900(+0x1f25948) [0x150785490948]
/cluster/home/erlenoi/.local/lib/python3.9/site-packages/pyarrow/libarrow.so.900(+0x200ba3d) [0x150785576a3d]
/cluster/home/erlenoi/.local/lib/python3.9/site-packages/pyarrow/libarrow.so.900(+0x1ee0b46) [0x15078544bb46]
/cluster/home/erlenoi/.local/lib/python3.9/site-packages/pyarrow/libarrow.so.900(+0x194546a) [0x150784eb046a]
/lib64/libc.so.6(+0x39b0c) [0x15080450cb0c]
/lib64/libc.so.6(on_exit+0) [0x15080450cc40]
/lib64/libc.so.6(__libc_start_main+0xfa) [0x1508044f649a]
python(_start+0x2e) [0x4006ce]
/var/slurm_spool/job13142999/slurm_script: line 28: 60954 Aborted                 (core dumped) python segment_repetition_count_array.py $SLURM_ARRAY_TASK_ID
user_id     video_id         
U_1001999   V_6354981  748835    {'end_point': 125.0, 'start_point': 5.0, 'spee...
                       748835    {'end_point': 772.0, 'start_point': 755.0, 'sp...
                       748835    {'end_point': 3087.0, 'start_point': 3047.0, '...
U_100203    V_6329184  758198    {'end_point': 164.5, 'start_point': 5.0, 'spee...
U_10031887  V_1395659  750953    {'end_point': 84.0, 'start_point': 79.0, 'spee...
Name: seq, dtype: object
user_id     video_id        
U_1011681   V_1395666  24178    {'end_point': 84.727, 'start_point': 79.727, '...
                       24178    {'end_point': 174.701, 'start_point': 169.701,...
                       24178    {'end_point': 184.776, 'start_point': 179.776,...
                       24178    {'end_point': 214.765, 'start_point': 209.765,...
U_10152940  V_1358544  19732    {'end_point': 24.702, 'start_point': 4.373, 's...
Name: seq, dtype: object
Fatal error condition occurred in /opt/vcpkg/buildtrees/aws-c-io/src/9e6648842a-364b708815.clean/source/event_loop.c:72: aws_thread_launch(&cleanup_thread, s_event_loop_destroy_async_thread_fn, el_group, &thread_options) == AWS_OP_SUCCESS
Exiting Application
################################################################################
Stack trace:
################################################################################
/cluster/home/erlenoi/.local/lib/python3.9/site-packages/pyarrow/libarrow.so.900(+0x200af06) [0x14651112df06]
/cluster/home/erlenoi/.local/lib/python3.9/site-packages/pyarrow/libarrow.so.900(+0x20028e5) [0x1465111258e5]
/cluster/home/erlenoi/.local/lib/python3.9/site-packages/pyarrow/libarrow.so.900(+0x1f27e09) [0x14651104ae09]
/cluster/home/erlenoi/.local/lib/python3.9/site-packages/pyarrow/libarrow.so.900(+0x200ba3d) [0x14651112ea3d]
/cluster/home/erlenoi/.local/lib/python3.9/site-packages/pyarrow/libarrow.so.900(+0x1f25948) [0x146511048948]
/cluster/home/erlenoi/.local/lib/python3.9/site-packages/pyarrow/libarrow.so.900(+0x200ba3d) [0x14651112ea3d]
/cluster/home/erlenoi/.local/lib/python3.9/site-packages/pyarrow/libarrow.so.900(+0x1ee0b46) [0x146511003b46]
/cluster/home/erlenoi/.local/lib/python3.9/site-packages/pyarrow/libarrow.so.900(+0x194546a) [0x146510a6846a]
/lib64/libc.so.6(+0x39b0c) [0x1465900c4b0c]
/lib64/libc.so.6(on_exit+0) [0x1465900c4c40]
/lib64/libc.so.6(__libc_start_main+0xfa) [0x1465900ae49a]
python(_start+0x2e) [0x4006ce]
/var/slurm_spool/job13142990/slurm_script: line 28: 262163 Aborted                 (core dumped) python segment_repetition_count_array.py $SLURM_ARRAY_TASK_ID
user_id    video_id         
U_100298   V_6020712  516540    {'end_point': 178.0, 'start_point': 3.0, 'spee...
                      516540    {'end_point': 424.0, 'start_point': 184.0, 'sp...
                      516540    {'end_point': 596.0, 'start_point': 386.0, 'sp...
U_1003165  V_6382395  531829    {'end_point': 49.604, 'start_point': 9.529, 's...
                      531829    {'end_point': 269.52, 'start_point': 54.82, 's...
Name: seq, dtype: object
Fatal error condition occurred in /opt/vcpkg/buildtrees/aws-c-io/src/9e6648842a-364b708815.clean/source/event_loop.c:72: aws_thread_launch(&cleanup_thread, s_event_loop_destroy_async_thread_fn, el_group, &thread_options) == AWS_OP_SUCCESS
Exiting Application
################################################################################
Stack trace:
################################################################################
/cluster/home/erlenoi/.local/lib/python3.9/site-packages/pyarrow/libarrow.so.900(+0x200af06) [0x1529c4ff6f06]
/cluster/home/erlenoi/.local/lib/python3.9/site-packages/pyarrow/libarrow.so.900(+0x20028e5) [0x1529c4fee8e5]
/cluster/home/erlenoi/.local/lib/python3.9/site-packages/pyarrow/libarrow.so.900(+0x1f27e09) [0x1529c4f13e09]
/cluster/home/erlenoi/.local/lib/python3.9/site-packages/pyarrow/libarrow.so.900(+0x200ba3d) [0x1529c4ff7a3d]
/cluster/home/erlenoi/.local/lib/python3.9/site-packages/pyarrow/libarrow.so.900(+0x1f25948) [0x1529c4f11948]
/cluster/home/erlenoi/.local/lib/python3.9/site-packages/pyarrow/libarrow.so.900(+0x200ba3d) [0x1529c4ff7a3d]
/cluster/home/erlenoi/.local/lib/python3.9/site-packages/pyarrow/libarrow.so.900(+0x1ee0b46) [0x1529c4eccb46]
/cluster/home/erlenoi/.local/lib/python3.9/site-packages/pyarrow/libarrow.so.900(+0x194546a) [0x1529c493146a]
/lib64/libc.so.6(+0x39b0c) [0x152a43f8db0c]
/lib64/libc.so.6(on_exit+0) [0x152a43f8dc40]
/lib64/libc.so.6(__libc_start_main+0xfa) [0x152a43f7749a]
python(_start+0x2e) [0x4006ce]
user_id     video_id         
U_10868488  V_6832237  864350    {'end_point': 26.0, 'start_point': 16.0, 'spee...
                       864350    {'end_point': 100.0, 'start_point': 30.0, 'spe...
                       864350    {'end_point': 130.0, 'start_point': 110.0, 'sp...
                       864350    {'end_point': 200.0, 'start_point': 140.0, 'sp...
                       864350    {'end_point': 240.0, 'start_point': 210.0, 'sp...
Name: seq, dtype: object
Fatal error condition occurred in /opt/vcpkg/buildtrees/aws-c-io/src/9e6648842a-364b708815.clean/source/event_loop.c:72: aws_thread_launch(&cleanup_thread, s_event_loop_destroy_async_thread_fn, el_group, &thread_options) == AWS_OP_SUCCESS
Exiting Application
################################################################################
Stack trace:
################################################################################
/cluster/home/erlenoi/.local/lib/python3.9/site-packages/pyarrow/libarrow.so.900(+0x200af06) [0x145b20e7ef06]
/cluster/home/erlenoi/.local/lib/python3.9/site-packages/pyarrow/libarrow.so.900(+0x20028e5) [0x145b20e768e5]
/cluster/home/erlenoi/.local/lib/python3.9/site-packages/pyarrow/libarrow.so.900(+0x1f27e09) [0x145b20d9be09]
/cluster/home/erlenoi/.local/lib/python3.9/site-packages/pyarrow/libarrow.so.900(+0x200ba3d) [0x145b20e7fa3d]
/cluster/home/erlenoi/.local/lib/python3.9/site-packages/pyarrow/libarrow.so.900(+0x1f25948) [0x145b20d99948]
/cluster/home/erlenoi/.local/lib/python3.9/site-packages/pyarrow/libarrow.so.900(+0x200ba3d) [0x145b20e7fa3d]
/cluster/home/erlenoi/.local/lib/python3.9/site-packages/pyarrow/libarrow.so.900(+0x1ee0b46) [0x145b20d54b46]
/cluster/home/erlenoi/.local/lib/python3.9/site-packages/pyarrow/libarrow.so.900(+0x194546a) [0x145b207b946a]
/lib64/libc.so.6(+0x39b0c) [0x145b9fe1cb0c]
/lib64/libc.so.6(on_exit+0) [0x145b9fe1cc40]
/lib64/libc.so.6(__libc_start_main+0xfa) [0x145b9fe0649a]
python(_start+0x2e) [0x4006ce]
user_id     video_id         
U_10012383  V_6043053  192970    {'end_point': 89.0, 'start_point': 84.0, 'spee...
                       192970    {'end_point': 144.0, 'start_point': 139.0, 'sp...
                       192970    {'end_point': 164.0, 'start_point': 159.0, 'sp...
                       192970    {'end_point': 379.0, 'start_point': 374.0, 'sp...
                       192970    {'end_point': 409.0, 'start_point': 404.0, 'sp...
Name: seq, dtype: object
Fatal error condition occurred in /opt/vcpkg/buildtrees/aws-c-io/src/9e6648842a-364b708815.clean/source/event_loop.c:72: aws_thread_launch(&cleanup_thread, s_event_loop_destroy_async_thread_fn, el_group, &thread_options) == AWS_OP_SUCCESS
Exiting Application
################################################################################
Stack trace:
################################################################################
/cluster/home/erlenoi/.local/lib/python3.9/site-packages/pyarrow/libarrow.so.900(+0x200af06) [0x15099c82af06]
/cluster/home/erlenoi/.local/lib/python3.9/site-packages/pyarrow/libarrow.so.900(+0x20028e5) [0x15099c8228e5]
/cluster/home/erlenoi/.local/lib/python3.9/site-packages/pyarrow/libarrow.so.900(+0x1f27e09) [0x15099c747e09]
/cluster/home/erlenoi/.local/lib/python3.9/site-packages/pyarrow/libarrow.so.900(+0x200ba3d) [0x15099c82ba3d]
/cluster/home/erlenoi/.local/lib/python3.9/site-packages/pyarrow/libarrow.so.900(+0x1f25948) [0x15099c745948]
/cluster/home/erlenoi/.local/lib/python3.9/site-packages/pyarrow/libarrow.so.900(+0x200ba3d) [0x15099c82ba3d]
/cluster/home/erlenoi/.local/lib/python3.9/site-packages/pyarrow/libarrow.so.900(+0x1ee0b46) [0x15099c700b46]
/cluster/home/erlenoi/.local/lib/python3.9/site-packages/pyarrow/libarrow.so.900(+0x194546a) [0x15099c16546a]
/lib64/libc.so.6(+0x39b0c) [0x150a1b7c1b0c]
/lib64/libc.so.6(on_exit+0) [0x150a1b7c1c40]
/lib64/libc.so.6(__libc_start_main+0xfa) [0x150a1b7ab49a]
python(_start+0x2e) [0x4006ce]
/var/slurm_spool/job13142978/slurm_script: line 28: 197123 Aborted                 (core dumped) python segment_repetition_count_array.py $SLURM_ARRAY_TASK_ID
/var/slurm_spool/job13142994/slurm_script: line 28: 65018 Aborted                 (core dumped) python segment_repetition_count_array.py $SLURM_ARRAY_TASK_ID
user_id     video_id         
U_10001587  V_6012902  843061    {'end_point': 187.4, 'start_point': 6.9, 'spee...
                       843061    {'end_point': 1097.4, 'start_point': 327.4, 's...
U_10008027  V_6010431  787272    {'end_point': 384.9, 'start_point': 4.9, 'spee...
U_10091094  V_6999005  778889    {'end_point': 299.0, 'start_point': 189.0, 'sp...
                       778889    {'end_point': 339.0, 'start_point': 309.0, 'sp...
Name: seq, dtype: object
Fatal error condition occurred in /opt/vcpkg/buildtrees/aws-c-io/src/9e6648842a-364b708815.clean/source/event_loop.c:72: aws_thread_launch(&cleanup_thread, s_event_loop_destroy_async_thread_fn, el_group, &thread_options) == AWS_OP_SUCCESS
Exiting Application
################################################################################
Stack trace:
################################################################################
/cluster/home/erlenoi/.local/lib/python3.9/site-packages/pyarrow/libarrow.so.900(+0x200af06) [0x1509d3b5ef06]
/cluster/home/erlenoi/.local/lib/python3.9/site-packages/pyarrow/libarrow.so.900(+0x20028e5) [0x1509d3b568e5]
/cluster/home/erlenoi/.local/lib/python3.9/site-packages/pyarrow/libarrow.so.900(+0x1f27e09) [0x1509d3a7be09]
/cluster/home/erlenoi/.local/lib/python3.9/site-packages/pyarrow/libarrow.so.900(+0x200ba3d) [0x1509d3b5fa3d]
/cluster/home/erlenoi/.local/lib/python3.9/site-packages/pyarrow/libarrow.so.900(+0x1f25948) [0x1509d3a79948]
/cluster/home/erlenoi/.local/lib/python3.9/site-packages/pyarrow/libarrow.so.900(+0x200ba3d) [0x1509d3b5fa3d]
/cluster/home/erlenoi/.local/lib/python3.9/site-packages/pyarrow/libarrow.so.900(+0x1ee0b46) [0x1509d3a34b46]
/cluster/home/erlenoi/.local/lib/python3.9/site-packages/pyarrow/libarrow.so.900(+0x194546a) [0x1509d349946a]
/lib64/libc.so.6(+0x39b0c) [0x150a52af5b0c]
/lib64/libc.so.6(on_exit+0) [0x150a52af5c40]
/lib64/libc.so.6(__libc_start_main+0xfa) [0x150a52adf49a]
python(_start+0x2e) [0x4006ce]
/var/slurm_spool/job13143003/slurm_script: line 28: 97640 Aborted                 (core dumped) python segment_repetition_count_array.py $SLURM_ARRAY_TASK_ID
/var/slurm_spool/job13142987/slurm_script: line 28: 171853 Aborted                 (core dumped) python segment_repetition_count_array.py $SLURM_ARRAY_TASK_ID
user_id     video_id         
U_10027784  V_7744250  636412    {'end_point': 1489.5, 'start_point': 659.5, 's...
U_10091097  V_6999011  636415    {'end_point': 640.0, 'start_point': 630.0, 'sp...
                       636415    {'end_point': 675.0, 'start_point': 646.0, 'sp...
                       636415    {'end_point': 700.0, 'start_point': 680.0, 'sp...
                       636415    {'end_point': 763.0, 'start_point': 703.0, 'sp...
Name: seq, dtype: object
Fatal error condition occurred in /opt/vcpkg/buildtrees/aws-c-io/src/9e6648842a-364b708815.clean/source/event_loop.c:72: aws_thread_launch(&cleanup_thread, s_event_loop_destroy_async_thread_fn, el_group, &thread_options) == AWS_OP_SUCCESS
Exiting Application
################################################################################
Stack trace:
################################################################################
/cluster/home/erlenoi/.local/lib/python3.9/site-packages/pyarrow/libarrow.so.900(+0x200af06) [0x150ed127af06]
/cluster/home/erlenoi/.local/lib/python3.9/site-packages/pyarrow/libarrow.so.900(+0x20028e5) [0x150ed12728e5]
/cluster/home/erlenoi/.local/lib/python3.9/site-packages/pyarrow/libarrow.so.900(+0x1f27e09) [0x150ed1197e09]
/cluster/home/erlenoi/.local/lib/python3.9/site-packages/pyarrow/libarrow.so.900(+0x200ba3d) [0x150ed127ba3d]
/cluster/home/erlenoi/.local/lib/python3.9/site-packages/pyarrow/libarrow.so.900(+0x1f25948) [0x150ed1195948]
/cluster/home/erlenoi/.local/lib/python3.9/site-packages/pyarrow/libarrow.so.900(+0x200ba3d) [0x150ed127ba3d]
/cluster/home/erlenoi/.local/lib/python3.9/site-packages/pyarrow/libarrow.so.900(+0x1ee0b46) [0x150ed1150b46]
/cluster/home/erlenoi/.local/lib/python3.9/site-packages/pyarrow/libarrow.so.900(+0x194546a) [0x150ed0bb546a]
/lib64/libc.so.6(+0x39b0c) [0x150f50211b0c]
/lib64/libc.so.6(on_exit+0) [0x150f50211c40]
/lib64/libc.so.6(__libc_start_main+0xfa) [0x150f501fb49a]
python(_start+0x2e) [0x4006ce]
/var/slurm_spool/job13143002/slurm_script: line 28: 97641 Aborted                 (core dumped) python segment_repetition_count_array.py $SLURM_ARRAY_TASK_ID
/var/slurm_spool/job13142997/slurm_script: line 28: 60643 Aborted                 (core dumped) python segment_repetition_count_array.py $SLURM_ARRAY_TASK_ID
user_id   video_id        
U_100294  V_6223493  57513    {'end_point': 160.6, 'start_point': 153.1, 'sp...
                     57513    {'end_point': 531.9, 'start_point': 511.7, 'sp...
          V_6286574  61243    {'end_point': 43.1, 'start_point': 33.1, 'spee...
                     61243    {'end_point': 209.8, 'start_point': 69.9, 'spe...
                     61243    {'end_point': 344.6, 'start_point': 224.6, 'sp...
Name: seq, dtype: object
Fatal error condition occurred in /opt/vcpkg/buildtrees/aws-c-io/src/9e6648842a-364b708815.clean/source/event_loop.c:72: aws_thread_launch(&cleanup_thread, s_event_loop_destroy_async_thread_fn, el_group, &thread_options) == AWS_OP_SUCCESS
Exiting Application
################################################################################
Stack trace:
################################################################################
/cluster/home/erlenoi/.local/lib/python3.9/site-packages/pyarrow/libarrow.so.900(+0x200af06) [0x14a1dd6f1f06]
/cluster/home/erlenoi/.local/lib/python3.9/site-packages/pyarrow/libarrow.so.900(+0x20028e5) [0x14a1dd6e98e5]
/cluster/home/erlenoi/.local/lib/python3.9/site-packages/pyarrow/libarrow.so.900(+0x1f27e09) [0x14a1dd60ee09]
/cluster/home/erlenoi/.local/lib/python3.9/site-packages/pyarrow/libarrow.so.900(+0x200ba3d) [0x14a1dd6f2a3d]
/cluster/home/erlenoi/.local/lib/python3.9/site-packages/pyarrow/libarrow.so.900(+0x1f25948) [0x14a1dd60c948]
/cluster/home/erlenoi/.local/lib/python3.9/site-packages/pyarrow/libarrow.so.900(+0x200ba3d) [0x14a1dd6f2a3d]
/cluster/home/erlenoi/.local/lib/python3.9/site-packages/pyarrow/libarrow.so.900(+0x1ee0b46) [0x14a1dd5c7b46]
/cluster/home/erlenoi/.local/lib/python3.9/site-packages/pyarrow/libarrow.so.900(+0x194546a) [0x14a1dd02c46a]
/lib64/libc.so.6(+0x39b0c) [0x14a25c688b0c]
/lib64/libc.so.6(on_exit+0) [0x14a25c688c40]
/lib64/libc.so.6(__libc_start_main+0xfa) [0x14a25c67249a]
python(_start+0x2e) [0x4006ce]
/var/slurm_spool/job13142982/slurm_script: line 28: 151678 Aborted                 (core dumped) python segment_repetition_count_array.py $SLURM_ARRAY_TASK_ID
